<?xml version="1.0" encoding="UTF-8"?>
<!-- Generated by org.testng.reporters.JUnitXMLReporter -->
<testsuite ignored="3" hostname="Atharva" failures="0" tests="7" name="Default test" time="0.061" errors="0" timestamp="2023-09-03T20:01:59 IST">
  <testcase classname="testNgpack.ToVerifyAddToCartOptionaOnApplication" name="@BeforeTest openBrowser" time="-1.693751519616E9">
    <failure type="org.testng.TestNGException" message="
Parameter &amp;apos;browser&amp;apos; is required by BeforeTest on method openBrowser but has not been marked @Optional or defined
in C:\Users\Avinash Kulkarni\AppData\Local\Temp\testng-eclipse--13669285\testng-customsuite.xml">
      <![CDATA[org.testng.TestNGException: 
Parameter 'browser' is required by BeforeTest on method openBrowser but has not been marked @Optional or defined
in C:\Users\Avinash Kulkarni\AppData\Local\Temp\testng-eclipse--13669285\testng-customsuite.xml
at org.testng.internal.Parameters.createParams(Parameters.java:270)
at org.testng.internal.Parameters.createParametersForMethod(Parameters.java:358)
at org.testng.internal.Parameters.createParameters(Parameters.java:700)
at org.testng.internal.Parameters.createConfigurationParameters(Parameters.java:168)
at org.testng.internal.ConfigInvoker.invokeConfigurations(ConfigInvoker.java:302)
at org.testng.TestRunner.invokeTestConfigurations(TestRunner.java:637)
at org.testng.TestRunner.beforeRun(TestRunner.java:627)
at org.testng.TestRunner.run(TestRunner.java:589)
at org.testng.SuiteRunner.runTest(SuiteRunner.java:377)
at org.testng.SuiteRunner.runSequentially(SuiteRunner.java:371)
at org.testng.SuiteRunner.privateRun(SuiteRunner.java:332)
at org.testng.SuiteRunner.run(SuiteRunner.java:276)
at org.testng.SuiteRunnerWorker.runSuite(SuiteRunnerWorker.java:53)
at org.testng.SuiteRunnerWorker.run(SuiteRunnerWorker.java:96)
at org.testng.TestNG.runSuitesSequentially(TestNG.java:1212)
at org.testng.TestNG.runSuitesLocally(TestNG.java:1134)
at org.testng.TestNG.runSuites(TestNG.java:1063)
at org.testng.TestNG.run(TestNG.java:1031)
at org.testng.remote.AbstractRemoteTestNG.run(AbstractRemoteTestNG.java:115)
at org.testng.remote.RemoteTestNG.initAndRun(RemoteTestNG.java:251)
at org.testng.remote.RemoteTestNG.main(RemoteTestNG.java:77)
]]>
    </failure>
  </testcase> <!-- @BeforeTest openBrowser -->
  <testcase classname="testNgpack.ToVerifySerchBaroption" name="@BeforeTest openBrowser" time="-1.693751519623E9">
    <skipped/>
  </testcase> <!-- @BeforeTest openBrowser -->
  <testcase classname="testNgpack.ToVerifytheproductDetails" name="@BeforeTest openBrowser" time="-1.693751519624E9">
    <skipped/>
  </testcase> <!-- @BeforeTest openBrowser -->
  <testcase classname="testNgpack.VerifyUserSignUpPopUp" name="@BeforeTest openBrowser" time="-1.693751519625E9">
    <skipped/>
  </testcase> <!-- @BeforeTest openBrowser -->
  <testcase classname="testNgpack.ToVerifyAddToCartOptionaOnApplication" name="@BeforeClass createPOMobject" time="-1.693751519639E9">
    <skipped/>
  </testcase> <!-- @BeforeClass createPOMobject -->
  <testcase classname="testNgpack.ToVerifyAddToCartOptionaOnApplication" name="@BeforeMethod gotoSearchbar" time="-1.693751519647E9">
    <skipped/>
  </testcase> <!-- @BeforeMethod gotoSearchbar -->
  <testcase classname="testNgpack.ToVerifyAddToCartOptionaOnApplication" name="@AfterMethod logOutFromApplication" time="-1.693751519651E9">
    <skipped/>
  </testcase> <!-- @AfterMethod logOutFromApplication -->
  <testcase classname="testNgpack.ToVerifyAddToCartOptionaOnApplication" name="@BeforeMethod gotoSearchbar" time="-1.693751519654E9">
    <skipped/>
  </testcase> <!-- @BeforeMethod gotoSearchbar -->
  <testcase classname="testNgpack.ToVerifyAddToCartOptionaOnApplication" name="@AfterMethod logOutFromApplication" time="-1.693751519656E9">
    <skipped/>
  </testcase> <!-- @AfterMethod logOutFromApplication -->
  <testcase classname="testNgpack.ToVerifyAddToCartOptionaOnApplication" name="@AfterClass clearObject" time="-1.693751519657E9">
    <skipped/>
  </testcase> <!-- @AfterClass clearObject -->
  <testcase classname="testNgpack.ToVerifytheproductDetails" name="@BeforeClass createPOMobject" time="-1.693751519658E9">
    <skipped/>
  </testcase> <!-- @BeforeClass createPOMobject -->
  <testcase classname="testNgpack.ToVerifytheproductDetails" name="@BeforeMethod gotoSearchbar" time="-1.693751519658E9">
    <skipped/>
  </testcase> <!-- @BeforeMethod gotoSearchbar -->
  <testcase classname="testNgpack.ToVerifytheproductDetails" name="@AfterMethod logOutFromApplication" time="-1.693751519659E9">
    <skipped/>
  </testcase> <!-- @AfterMethod logOutFromApplication -->
  <testcase classname="testNgpack.ToVerifytheproductDetails" name="@AfterClass clearobject" time="-1.69375151966E9">
    <skipped/>
  </testcase> <!-- @AfterClass clearobject -->
  <testcase classname="testNgpack.VerifyUserSignUpPopUp" name="@BeforeClass createPOMobject" time="-1.69375151966E9">
    <skipped/>
  </testcase> <!-- @BeforeClass createPOMobject -->
  <testcase classname="testNgpack.VerifyUserSignUpPopUp" name="@BeforeMethod gotoSignUpPopUp" time="-1.693751519661E9">
    <skipped/>
  </testcase> <!-- @BeforeMethod gotoSignUpPopUp -->
  <testcase classname="testNgpack.VerifyUserSignUpPopUp" name="@AfterMethod logOutFromApplication" time="-1.693751519663E9">
    <skipped/>
  </testcase> <!-- @AfterMethod logOutFromApplication -->
  <testcase classname="testNgpack.VerifyUserSignUpPopUp" name="@AfterClass clearObject" time="-1.693751519664E9">
    <skipped/>
  </testcase> <!-- @AfterClass clearObject -->
  <testcase classname="testNgpack.ToVerifySerchBaroption" name="@BeforeClass createPOMobject" time="-1.693751519664E9">
    <skipped/>
  </testcase> <!-- @BeforeClass createPOMobject -->
  <testcase classname="testNgpack.ToVerifySerchBaroption" name="@BeforeMethod gotoSearchbar" time="-1.693751519665E9">
    <skipped/>
  </testcase> <!-- @BeforeMethod gotoSearchbar -->
  <testcase classname="testNgpack.ToVerifySerchBaroption" name="@AfterMethod logOutFromApplication" time="-1.693751519666E9">
    <skipped/>
  </testcase> <!-- @AfterMethod logOutFromApplication -->
  <testcase classname="testNgpack.ToVerifySerchBaroption" name="@BeforeMethod gotoSearchbar" time="-1.693751519667E9">
    <skipped/>
  </testcase> <!-- @BeforeMethod gotoSearchbar -->
  <testcase classname="testNgpack.ToVerifySerchBaroption" name="@AfterMethod logOutFromApplication" time="-1.693751519668E9">
    <skipped/>
  </testcase> <!-- @AfterMethod logOutFromApplication -->
  <testcase classname="testNgpack.ToVerifySerchBaroption" name="@AfterClass clearobject" time="-1.693751519671E9">
    <skipped/>
  </testcase> <!-- @AfterClass clearobject -->
  <testcase classname="testNgpack.ToVerifyAddToCartOptionaOnApplication" name="@AfterTest closedBrowser" time="-1.693751519672E9">
    <skipped/>
  </testcase> <!-- @AfterTest closedBrowser -->
  <testcase classname="testNgpack.ToVerifySerchBaroption" name="@AfterTest closedBrowser" time="-1.693751519672E9">
    <skipped/>
  </testcase> <!-- @AfterTest closedBrowser -->
  <testcase classname="testNgpack.ToVerifytheproductDetails" name="@AfterTest closedBrowser" time="-1.693751519673E9">
    <skipped/>
  </testcase> <!-- @AfterTest closedBrowser -->
  <testcase classname="testNgpack.VerifyUserSignUpPopUp" name="@AfterTest closedBrowser" time="-1.693751519673E9">
    <skipped/>
  </testcase> <!-- @AfterTest closedBrowser -->
  <testcase classname="testNgpack.ToVerifyAddToCartOptionaOnApplication" name="testng" time="0.0">
    <skipped/>
  </testcase> <!-- testng -->
  <testcase classname="testNgpack.ToVerifyAddToCartOptionaOnApplication" name="testng2" time="0.0">
    <skipped/>
  </testcase> <!-- testng2 -->
  <testcase classname="testNgpack.ToVerifytheproductDetails" name="testClass" time="0.0">
    <skipped/>
  </testcase> <!-- testClass -->
  <testcase classname="testNgpack.VerifyUserSignUpPopUp" name="test" time="0.0">
    <skipped/>
  </testcase> <!-- test -->
  <testcase classname="testNgpack.ToVerifySerchBaroption" name="testng" time="0.0">
    <skipped/>
  </testcase> <!-- testng -->
  <testcase classname="testNgpack.ToVerifySerchBaroption" name="testng1" time="0.0">
    <skipped/>
  </testcase> <!-- testng1 -->
  <testcase classname="testNgpack.ToVerifySerchBaroption" name="testng2" time="0.0">
    <skipped/>
  </testcase> <!-- testng2 -->
  <testcase classname="testNgpack.ToVerifyAddToCartOptionaOnApplication" name="testng1" time="0.0">
    <ignored/>
  </testcase> <!-- testng1 -->
  <testcase classname="testNgpack.VerifyUserSignUpPopUp" name="test123" time="0.0">
    <ignored/>
  </testcase> <!-- test123 -->
  <testcase classname="testNgpack.VerifyUserSignUpPopUp" name="test1234" time="0.0">
    <ignored/>
  </testcase> <!-- test1234 -->
</testsuite> <!-- Default test -->
