<?xml version="1.0" encoding="UTF-8"?>
<!-- Generated by org.testng.reporters.JUnitXMLReporter -->
<testsuite ignored="0" hostname="Atharva" failures="0" tests="3" name="OperaTest" time="0.015" errors="0" timestamp="2023-03-23T21:27:56 IST">
  <testcase classname="testNgpack.ToVerifyAddToCartOptionaOnApplication" name="@BeforeClass gotoSearchbar" time="0.0">
    <failure type="java.lang.NullPointerException" message="Cannot invoke &amp;quot;org.openqa.selenium.WebDriver.get(String)&amp;quot; because &amp;quot;this.driver&amp;quot; is null">
      <![CDATA[java.lang.NullPointerException: Cannot invoke "org.openqa.selenium.WebDriver.get(String)" because "this.driver" is null
at testNgpack.ToVerifyAddToCartOptionaOnApplication.gotoSearchbar(ToVerifyAddToCartOptionaOnApplication.java:66)
at java.base/java.util.ArrayList.forEach(ArrayList.java:1511)
... Removed 25 stack frames]]>
    </failure>
  </testcase> <!-- @BeforeClass gotoSearchbar -->
  <testcase classname="testNgpack.ToVerifyAddToCartOptionaOnApplication" name="@BeforeMethod gotoSearchbar" time="-1.679587076543E9">
    <skipped/>
  </testcase> <!-- @BeforeMethod gotoSearchbar -->
  <testcase classname="testNgpack.ToVerifyAddToCartOptionaOnApplication" name="@AfterMethod logOutFromApplication" time="-1.679587076545E9">
    <skipped/>
  </testcase> <!-- @AfterMethod logOutFromApplication -->
  <testcase classname="testNgpack.ToVerifyAddToCartOptionaOnApplication" name="@BeforeMethod gotoSearchbar" time="-1.679587076546E9">
    <skipped/>
  </testcase> <!-- @BeforeMethod gotoSearchbar -->
  <testcase classname="testNgpack.ToVerifyAddToCartOptionaOnApplication" name="@AfterMethod logOutFromApplication" time="-1.679587076548E9">
    <skipped/>
  </testcase> <!-- @AfterMethod logOutFromApplication -->
  <testcase classname="testNgpack.ToVerifyAddToCartOptionaOnApplication" name="@BeforeMethod gotoSearchbar" time="-1.679587076549E9">
    <skipped/>
  </testcase> <!-- @BeforeMethod gotoSearchbar -->
  <testcase classname="testNgpack.ToVerifyAddToCartOptionaOnApplication" name="@AfterMethod logOutFromApplication" time="-1.679587076551E9">
    <skipped/>
  </testcase> <!-- @AfterMethod logOutFromApplication -->
  <testcase classname="testNgpack.ToVerifyAddToCartOptionaOnApplication" name="@AfterClass closedBrowser" time="-1.679587076551E9">
    <skipped/>
  </testcase> <!-- @AfterClass closedBrowser -->
  <testcase classname="testNgpack.ToVerifyAddToCartOptionaOnApplication" name="@AfterTest closedBrowser" time="-1.679587076553E9">
    <skipped/>
  </testcase> <!-- @AfterTest closedBrowser -->
  <testcase classname="testNgpack.ToVerifyAddToCartOptionaOnApplication" name="testng1" time="0.0">
    <skipped/>
  </testcase> <!-- testng1 -->
  <testcase classname="testNgpack.ToVerifyAddToCartOptionaOnApplication" name="testng2" time="0.0">
    <skipped/>
  </testcase> <!-- testng2 -->
  <testcase classname="testNgpack.ToVerifyAddToCartOptionaOnApplication" name="testng" time="0.0">
    <skipped/>
  </testcase> <!-- testng -->
</testsuite> <!-- OperaTest -->
