<?xml version="1.0" encoding="UTF-8"?>
<testng-results ignored="0" total="4" passed="2" failed="0" skipped="2">
  <reporter-output>
  </reporter-output>
  <suite started-at="2023-03-29T13:10:05 IST" name="Suite" finished-at="2023-03-29T13:10:23 IST" duration-ms="17876">
    <groups>
    </groups>
    <test started-at="2023-03-29T13:10:05 IST" name="FirefoxTest" finished-at="2023-03-29T13:10:22 IST" duration-ms="17222">
      <class name="Testng.ToClosetheSignOfPopup">
        <test-method is-config="true" signature="openBrowser(java.lang.String)[pri:0, instance:Testng.ToClosetheSignOfPopup@4b0b0854]" started-at="2023-03-29T13:10:05 IST" name="openBrowser" finished-at="2023-03-29T13:10:07 IST" duration-ms="2716" status="PASS">
          <params>
            <param index="0">
              <value>
                <![CDATA[Firefox]]>
              </value>
            </param>
          </params>
          <reporter-output>
          </reporter-output>
        </test-method> <!-- openBrowser -->
        <test-method is-config="true" signature="createPOMObject()[pri:0, instance:Testng.ToClosetheSignOfPopup@4b0b0854]" started-at="2023-03-29T13:10:10 IST" name="createPOMObject" finished-at="2023-03-29T13:10:10 IST" duration-ms="0" status="PASS">
          <reporter-output>
          </reporter-output>
        </test-method> <!-- createPOMObject -->
        <test-method is-config="true" signature="gotoSignUpPopUp()[pri:0, instance:Testng.ToClosetheSignOfPopup@4b0b0854]" started-at="2023-03-29T13:10:10 IST" name="gotoSignUpPopUp" finished-at="2023-03-29T13:10:20 IST" duration-ms="10863" status="PASS">
          <reporter-output>
          </reporter-output>
        </test-method> <!-- gotoSignUpPopUp -->
        <test-method signature="test()[pri:0, instance:Testng.ToClosetheSignOfPopup@4b0b0854]" started-at="2023-03-29T13:10:20 IST" name="test" finished-at="2023-03-29T13:10:20 IST" duration-ms="9" status="PASS">
          <reporter-output>
          </reporter-output>
        </test-method> <!-- test -->
        <test-method is-config="true" signature="logOutFromApplication()[pri:0, instance:Testng.ToClosetheSignOfPopup@4b0b0854]" started-at="2023-03-29T13:10:20 IST" name="logOutFromApplication" finished-at="2023-03-29T13:10:20 IST" duration-ms="0" status="PASS">
          <reporter-output>
          </reporter-output>
        </test-method> <!-- logOutFromApplication -->
        <test-method is-config="true" signature="clearObjects()[pri:0, instance:Testng.ToClosetheSignOfPopup@4b0b0854]" started-at="2023-03-29T13:10:20 IST" name="clearObjects" finished-at="2023-03-29T13:10:20 IST" duration-ms="0" status="PASS">
          <reporter-output>
          </reporter-output>
        </test-method> <!-- clearObjects -->
        <test-method is-config="true" signature="closedBrowser()[pri:0, instance:Testng.ToClosetheSignOfPopup@4b0b0854]" started-at="2023-03-29T13:10:20 IST" name="closedBrowser" finished-at="2023-03-29T13:10:21 IST" duration-ms="689" status="PASS">
          <reporter-output>
          </reporter-output>
        </test-method> <!-- closedBrowser -->
      </class> <!-- Testng.ToClosetheSignOfPopup -->
      <class name="Testng.ToVerifytheAddtoCartoptiononAppplication">
        <test-method is-config="true" signature="openBrowser(java.lang.String)[pri:0, instance:Testng.ToVerifytheAddtoCartoptiononAppplication@64cd705f]" started-at="2023-03-29T13:10:07 IST" name="openBrowser" finished-at="2023-03-29T13:10:10 IST" duration-ms="2181" status="PASS">
          <params>
            <param index="0">
              <value>
                <![CDATA[Firefox]]>
              </value>
            </param>
          </params>
          <reporter-output>
          </reporter-output>
        </test-method> <!-- openBrowser -->
        <test-method is-config="true" signature="createPOMObject()[pri:0, instance:Testng.ToVerifytheAddtoCartoptiononAppplication@64cd705f]" started-at="2023-03-29T13:10:10 IST" name="createPOMObject" finished-at="2023-03-29T13:10:10 IST" duration-ms="0" status="PASS">
          <reporter-output>
          </reporter-output>
        </test-method> <!-- createPOMObject -->
        <test-method is-config="true" signature="gotoSignUpPopUp()[pri:0, instance:Testng.ToVerifytheAddtoCartoptiononAppplication@64cd705f]" started-at="2023-03-29T13:10:10 IST" name="gotoSignUpPopUp" finished-at="2023-03-29T13:10:20 IST" duration-ms="10170" status="FAIL">
          <exception class="java.lang.NullPointerException">
            <message>
              <![CDATA[Cannot invoke "Page.Homepage.sendsearchbar(String)" because "this.homePage" is null]]>
            </message>
            <full-stacktrace>
              <![CDATA[java.lang.NullPointerException: Cannot invoke "Page.Homepage.sendsearchbar(String)" because "this.homePage" is null
at Testng.ToVerifytheAddtoCartoptiononAppplication.gotoSignUpPopUp(ToVerifytheAddtoCartoptiononAppplication.java:69)
at java.base/jdk.internal.reflect.NativeMethodAccessorImpl.invoke0(Native Method)
at java.base/jdk.internal.reflect.NativeMethodAccessorImpl.invoke(NativeMethodAccessorImpl.java:77)
at java.base/jdk.internal.reflect.DelegatingMethodAccessorImpl.invoke(DelegatingMethodAccessorImpl.java:43)
at java.base/java.lang.reflect.Method.invoke(Method.java:568)
at org.testng.internal.MethodInvocationHelper.invokeMethod(MethodInvocationHelper.java:133)
at org.testng.internal.MethodInvocationHelper.invokeMethodConsideringTimeout(MethodInvocationHelper.java:62)
at org.testng.internal.ConfigInvoker.invokeConfigurationMethod(ConfigInvoker.java:385)
at org.testng.internal.ConfigInvoker.invokeConfigurations(ConfigInvoker.java:321)
at org.testng.internal.TestInvoker.runConfigMethods(TestInvoker.java:700)
at org.testng.internal.TestInvoker.invokeMethod(TestInvoker.java:527)
at org.testng.internal.TestInvoker.invokeTestMethod(TestInvoker.java:173)
at org.testng.internal.MethodRunner.runInSequence(MethodRunner.java:46)
at org.testng.internal.TestInvoker$MethodInvocationAgent.invoke(TestInvoker.java:824)
at org.testng.internal.TestInvoker.invokeTestMethods(TestInvoker.java:146)
at org.testng.internal.TestMethodWorker.invokeTestMethods(TestMethodWorker.java:146)
at org.testng.internal.TestMethodWorker.run(TestMethodWorker.java:128)
at java.base/java.util.concurrent.ThreadPoolExecutor.runWorker(ThreadPoolExecutor.java:1136)
at java.base/java.util.concurrent.ThreadPoolExecutor$Worker.run(ThreadPoolExecutor.java:635)
at java.base/java.lang.Thread.run(Thread.java:833)
]]>
            </full-stacktrace>
          </exception> <!-- java.lang.NullPointerException -->
          <reporter-output>
          </reporter-output>
        </test-method> <!-- gotoSignUpPopUp -->
        <test-method signature="test()[pri:1, instance:Testng.ToVerifytheAddtoCartoptiononAppplication@64cd705f]" started-at="2023-03-29T13:10:20 IST" name="test" finished-at="2023-03-29T13:10:20 IST" duration-ms="0" status="SKIP">
          <exception class="java.lang.NullPointerException">
            <message>
              <![CDATA[Cannot invoke "Page.Homepage.sendsearchbar(String)" because "this.homePage" is null]]>
            </message>
            <full-stacktrace>
              <![CDATA[java.lang.NullPointerException: Cannot invoke "Page.Homepage.sendsearchbar(String)" because "this.homePage" is null
at Testng.ToVerifytheAddtoCartoptiononAppplication.gotoSignUpPopUp(ToVerifytheAddtoCartoptiononAppplication.java:69)
at java.base/jdk.internal.reflect.NativeMethodAccessorImpl.invoke0(Native Method)
at java.base/jdk.internal.reflect.NativeMethodAccessorImpl.invoke(NativeMethodAccessorImpl.java:77)
at java.base/jdk.internal.reflect.DelegatingMethodAccessorImpl.invoke(DelegatingMethodAccessorImpl.java:43)
at java.base/java.lang.reflect.Method.invoke(Method.java:568)
at org.testng.internal.MethodInvocationHelper.invokeMethod(MethodInvocationHelper.java:133)
at org.testng.internal.MethodInvocationHelper.invokeMethodConsideringTimeout(MethodInvocationHelper.java:62)
at org.testng.internal.ConfigInvoker.invokeConfigurationMethod(ConfigInvoker.java:385)
at org.testng.internal.ConfigInvoker.invokeConfigurations(ConfigInvoker.java:321)
at org.testng.internal.TestInvoker.runConfigMethods(TestInvoker.java:700)
at org.testng.internal.TestInvoker.invokeMethod(TestInvoker.java:527)
at org.testng.internal.TestInvoker.invokeTestMethod(TestInvoker.java:173)
at org.testng.internal.MethodRunner.runInSequence(MethodRunner.java:46)
at org.testng.internal.TestInvoker$MethodInvocationAgent.invoke(TestInvoker.java:824)
at org.testng.internal.TestInvoker.invokeTestMethods(TestInvoker.java:146)
at org.testng.internal.TestMethodWorker.invokeTestMethods(TestMethodWorker.java:146)
at org.testng.internal.TestMethodWorker.run(TestMethodWorker.java:128)
at java.base/java.util.concurrent.ThreadPoolExecutor.runWorker(ThreadPoolExecutor.java:1136)
at java.base/java.util.concurrent.ThreadPoolExecutor$Worker.run(ThreadPoolExecutor.java:635)
at java.base/java.lang.Thread.run(Thread.java:833)
]]>
            </full-stacktrace>
          </exception> <!-- java.lang.NullPointerException -->
          <reporter-output>
          </reporter-output>
        </test-method> <!-- test -->
        <test-method is-config="true" signature="logOutFromApplication()[pri:0, instance:Testng.ToVerifytheAddtoCartoptiononAppplication@64cd705f]" started-at="2023-03-29T13:10:20 IST" name="logOutFromApplication" finished-at="1970-01-01T05:30:00 IST" duration-ms="-1680075620247" status="SKIP">
          <reporter-output>
          </reporter-output>
        </test-method> <!-- logOutFromApplication -->
        <test-method is-config="true" signature="clearObjects()[pri:0, instance:Testng.ToVerifytheAddtoCartoptiononAppplication@64cd705f]" started-at="2023-03-29T13:10:20 IST" name="clearObjects" finished-at="1970-01-01T05:30:00 IST" duration-ms="-1680075620251" status="SKIP">
          <reporter-output>
          </reporter-output>
        </test-method> <!-- clearObjects -->
        <test-method is-config="true" signature="closedBrowser()[pri:0, instance:Testng.ToVerifytheAddtoCartoptiononAppplication@64cd705f]" started-at="2023-03-29T13:10:21 IST" name="closedBrowser" finished-at="2023-03-29T13:10:22 IST" duration-ms="748" status="PASS">
          <reporter-output>
          </reporter-output>
        </test-method> <!-- closedBrowser -->
      </class> <!-- Testng.ToVerifytheAddtoCartoptiononAppplication -->
    </test> <!-- FirefoxTest -->
    <test started-at="2023-03-29T13:10:05 IST" name="EdgeTest" finished-at="2023-03-29T13:10:23 IST" duration-ms="17876">
      <class name="Testng.ToClosetheSignOfPopup">
        <test-method is-config="true" signature="openBrowser(java.lang.String)[pri:0, instance:Testng.ToClosetheSignOfPopup@393671df]" started-at="2023-03-29T13:10:05 IST" name="openBrowser" finished-at="2023-03-29T13:10:06 IST" duration-ms="1037" status="PASS">
          <params>
            <param index="0">
              <value>
                <![CDATA[Edge]]>
              </value>
            </param>
          </params>
          <reporter-output>
          </reporter-output>
        </test-method> <!-- openBrowser -->
        <test-method is-config="true" signature="createPOMObject()[pri:0, instance:Testng.ToClosetheSignOfPopup@393671df]" started-at="2023-03-29T13:10:08 IST" name="createPOMObject" finished-at="2023-03-29T13:10:08 IST" duration-ms="20" status="PASS">
          <reporter-output>
          </reporter-output>
        </test-method> <!-- createPOMObject -->
        <test-method is-config="true" signature="gotoSignUpPopUp()[pri:0, instance:Testng.ToClosetheSignOfPopup@393671df]" started-at="2023-03-29T13:10:08 IST" name="gotoSignUpPopUp" finished-at="2023-03-29T13:10:22 IST" duration-ms="14137" status="PASS">
          <reporter-output>
          </reporter-output>
        </test-method> <!-- gotoSignUpPopUp -->
        <test-method signature="test()[pri:0, instance:Testng.ToClosetheSignOfPopup@393671df]" started-at="2023-03-29T13:10:22 IST" name="test" finished-at="2023-03-29T13:10:22 IST" duration-ms="10" status="PASS">
          <reporter-output>
          </reporter-output>
        </test-method> <!-- test -->
        <test-method is-config="true" signature="logOutFromApplication()[pri:0, instance:Testng.ToClosetheSignOfPopup@393671df]" started-at="2023-03-29T13:10:22 IST" name="logOutFromApplication" finished-at="2023-03-29T13:10:22 IST" duration-ms="0" status="PASS">
          <reporter-output>
          </reporter-output>
        </test-method> <!-- logOutFromApplication -->
        <test-method is-config="true" signature="clearObjects()[pri:0, instance:Testng.ToClosetheSignOfPopup@393671df]" started-at="2023-03-29T13:10:22 IST" name="clearObjects" finished-at="2023-03-29T13:10:22 IST" duration-ms="0" status="PASS">
          <reporter-output>
          </reporter-output>
        </test-method> <!-- clearObjects -->
        <test-method is-config="true" signature="closedBrowser()[pri:0, instance:Testng.ToClosetheSignOfPopup@393671df]" started-at="2023-03-29T13:10:22 IST" name="closedBrowser" finished-at="2023-03-29T13:10:22 IST" duration-ms="203" status="PASS">
          <reporter-output>
          </reporter-output>
        </test-method> <!-- closedBrowser -->
      </class> <!-- Testng.ToClosetheSignOfPopup -->
      <class name="Testng.ToVerifytheAddtoCartoptiononAppplication">
        <test-method is-config="true" signature="openBrowser(java.lang.String)[pri:0, instance:Testng.ToVerifytheAddtoCartoptiononAppplication@56620197]" started-at="2023-03-29T13:10:06 IST" name="openBrowser" finished-at="2023-03-29T13:10:08 IST" duration-ms="2225" status="PASS">
          <params>
            <param index="0">
              <value>
                <![CDATA[Edge]]>
              </value>
            </param>
          </params>
          <reporter-output>
          </reporter-output>
        </test-method> <!-- openBrowser -->
        <test-method is-config="true" signature="createPOMObject()[pri:0, instance:Testng.ToVerifytheAddtoCartoptiononAppplication@56620197]" started-at="2023-03-29T13:10:08 IST" name="createPOMObject" finished-at="2023-03-29T13:10:08 IST" duration-ms="23" status="PASS">
          <reporter-output>
          </reporter-output>
        </test-method> <!-- createPOMObject -->
        <test-method is-config="true" signature="gotoSignUpPopUp()[pri:0, instance:Testng.ToVerifytheAddtoCartoptiononAppplication@56620197]" started-at="2023-03-29T13:10:08 IST" name="gotoSignUpPopUp" finished-at="2023-03-29T13:10:22 IST" duration-ms="13841" status="FAIL">
          <exception class="java.lang.NullPointerException">
            <message>
              <![CDATA[Cannot invoke "Page.Homepage.sendsearchbar(String)" because "this.homePage" is null]]>
            </message>
            <full-stacktrace>
              <![CDATA[java.lang.NullPointerException: Cannot invoke "Page.Homepage.sendsearchbar(String)" because "this.homePage" is null
at Testng.ToVerifytheAddtoCartoptiononAppplication.gotoSignUpPopUp(ToVerifytheAddtoCartoptiononAppplication.java:69)
at java.base/jdk.internal.reflect.NativeMethodAccessorImpl.invoke0(Native Method)
at java.base/jdk.internal.reflect.NativeMethodAccessorImpl.invoke(NativeMethodAccessorImpl.java:77)
at java.base/jdk.internal.reflect.DelegatingMethodAccessorImpl.invoke(DelegatingMethodAccessorImpl.java:43)
at java.base/java.lang.reflect.Method.invoke(Method.java:568)
at org.testng.internal.MethodInvocationHelper.invokeMethod(MethodInvocationHelper.java:133)
at org.testng.internal.MethodInvocationHelper.invokeMethodConsideringTimeout(MethodInvocationHelper.java:62)
at org.testng.internal.ConfigInvoker.invokeConfigurationMethod(ConfigInvoker.java:385)
at org.testng.internal.ConfigInvoker.invokeConfigurations(ConfigInvoker.java:321)
at org.testng.internal.TestInvoker.runConfigMethods(TestInvoker.java:700)
at org.testng.internal.TestInvoker.invokeMethod(TestInvoker.java:527)
at org.testng.internal.TestInvoker.invokeTestMethod(TestInvoker.java:173)
at org.testng.internal.MethodRunner.runInSequence(MethodRunner.java:46)
at org.testng.internal.TestInvoker$MethodInvocationAgent.invoke(TestInvoker.java:824)
at org.testng.internal.TestInvoker.invokeTestMethods(TestInvoker.java:146)
at org.testng.internal.TestMethodWorker.invokeTestMethods(TestMethodWorker.java:146)
at org.testng.internal.TestMethodWorker.run(TestMethodWorker.java:128)
at java.base/java.util.concurrent.ThreadPoolExecutor.runWorker(ThreadPoolExecutor.java:1136)
at java.base/java.util.concurrent.ThreadPoolExecutor$Worker.run(ThreadPoolExecutor.java:635)
at java.base/java.lang.Thread.run(Thread.java:833)
]]>
            </full-stacktrace>
          </exception> <!-- java.lang.NullPointerException -->
          <reporter-output>
          </reporter-output>
        </test-method> <!-- gotoSignUpPopUp -->
        <test-method signature="test()[pri:1, instance:Testng.ToVerifytheAddtoCartoptiononAppplication@56620197]" started-at="2023-03-29T13:10:22 IST" name="test" finished-at="2023-03-29T13:10:22 IST" duration-ms="0" status="SKIP">
          <exception class="java.lang.NullPointerException">
            <message>
              <![CDATA[Cannot invoke "Page.Homepage.sendsearchbar(String)" because "this.homePage" is null]]>
            </message>
            <full-stacktrace>
              <![CDATA[java.lang.NullPointerException: Cannot invoke "Page.Homepage.sendsearchbar(String)" because "this.homePage" is null
at Testng.ToVerifytheAddtoCartoptiononAppplication.gotoSignUpPopUp(ToVerifytheAddtoCartoptiononAppplication.java:69)
at java.base/jdk.internal.reflect.NativeMethodAccessorImpl.invoke0(Native Method)
at java.base/jdk.internal.reflect.NativeMethodAccessorImpl.invoke(NativeMethodAccessorImpl.java:77)
at java.base/jdk.internal.reflect.DelegatingMethodAccessorImpl.invoke(DelegatingMethodAccessorImpl.java:43)
at java.base/java.lang.reflect.Method.invoke(Method.java:568)
at org.testng.internal.MethodInvocationHelper.invokeMethod(MethodInvocationHelper.java:133)
at org.testng.internal.MethodInvocationHelper.invokeMethodConsideringTimeout(MethodInvocationHelper.java:62)
at org.testng.internal.ConfigInvoker.invokeConfigurationMethod(ConfigInvoker.java:385)
at org.testng.internal.ConfigInvoker.invokeConfigurations(ConfigInvoker.java:321)
at org.testng.internal.TestInvoker.runConfigMethods(TestInvoker.java:700)
at org.testng.internal.TestInvoker.invokeMethod(TestInvoker.java:527)
at org.testng.internal.TestInvoker.invokeTestMethod(TestInvoker.java:173)
at org.testng.internal.MethodRunner.runInSequence(MethodRunner.java:46)
at org.testng.internal.TestInvoker$MethodInvocationAgent.invoke(TestInvoker.java:824)
at org.testng.internal.TestInvoker.invokeTestMethods(TestInvoker.java:146)
at org.testng.internal.TestMethodWorker.invokeTestMethods(TestMethodWorker.java:146)
at org.testng.internal.TestMethodWorker.run(TestMethodWorker.java:128)
at java.base/java.util.concurrent.ThreadPoolExecutor.runWorker(ThreadPoolExecutor.java:1136)
at java.base/java.util.concurrent.ThreadPoolExecutor$Worker.run(ThreadPoolExecutor.java:635)
at java.base/java.lang.Thread.run(Thread.java:833)
]]>
            </full-stacktrace>
          </exception> <!-- java.lang.NullPointerException -->
          <reporter-output>
          </reporter-output>
        </test-method> <!-- test -->
        <test-method is-config="true" signature="logOutFromApplication()[pri:0, instance:Testng.ToVerifytheAddtoCartoptiononAppplication@56620197]" started-at="2023-03-29T13:10:22 IST" name="logOutFromApplication" finished-at="1970-01-01T05:30:00 IST" duration-ms="-1680075622305" status="SKIP">
          <reporter-output>
          </reporter-output>
        </test-method> <!-- logOutFromApplication -->
        <test-method is-config="true" signature="clearObjects()[pri:0, instance:Testng.ToVerifytheAddtoCartoptiononAppplication@56620197]" started-at="2023-03-29T13:10:22 IST" name="clearObjects" finished-at="1970-01-01T05:30:00 IST" duration-ms="-1680075622305" status="SKIP">
          <reporter-output>
          </reporter-output>
        </test-method> <!-- clearObjects -->
        <test-method is-config="true" signature="closedBrowser()[pri:0, instance:Testng.ToVerifytheAddtoCartoptiononAppplication@56620197]" started-at="2023-03-29T13:10:22 IST" name="closedBrowser" finished-at="2023-03-29T13:10:23 IST" duration-ms="219" status="PASS">
          <reporter-output>
          </reporter-output>
        </test-method> <!-- closedBrowser -->
      </class> <!-- Testng.ToVerifytheAddtoCartoptiononAppplication -->
    </test> <!-- EdgeTest -->
  </suite> <!-- Suite -->
</testng-results>
