<?xml version="1.0" encoding="UTF-8"?>
<!-- Generated by org.testng.reporters.JUnitXMLReporter -->
<testsuite ignored="0" hostname="Atharva" failures="0" tests="2" name="EdgeTest" time="17.876" errors="0" timestamp="2023-03-29T13:10:23 IST">
  <testcase classname="Testng.ToVerifytheAddtoCartoptiononAppplication" name="@BeforeMethod gotoSignUpPopUp" time="13.841">
    <failure type="java.lang.NullPointerException" message="Cannot invoke &amp;quot;Page.Homepage.sendsearchbar(String)&amp;quot; because &amp;quot;this.homePage&amp;quot; is null">
      <![CDATA[java.lang.NullPointerException: Cannot invoke "Page.Homepage.sendsearchbar(String)" because "this.homePage" is null
at Testng.ToVerifytheAddtoCartoptiononAppplication.gotoSignUpPopUp(ToVerifytheAddtoCartoptiononAppplication.java:69)
at java.base/java.util.concurrent.ThreadPoolExecutor.runWorker(ThreadPoolExecutor.java:1136)
at java.base/java.util.concurrent.ThreadPoolExecutor$Worker.run(ThreadPoolExecutor.java:635)
at java.base/java.lang.Thread.run(Thread.java:833)
... Removed 16 stack frames]]>
    </failure>
  </testcase> <!-- @BeforeMethod gotoSignUpPopUp -->
  <testcase classname="Testng.ToVerifytheAddtoCartoptiononAppplication" name="@AfterMethod logOutFromApplication" time="-1.680075622305E9">
    <skipped/>
  </testcase> <!-- @AfterMethod logOutFromApplication -->
  <testcase classname="Testng.ToVerifytheAddtoCartoptiononAppplication" name="@AfterClass clearObjects" time="-1.680075622305E9">
    <skipped/>
  </testcase> <!-- @AfterClass clearObjects -->
  <testcase classname="Testng.ToVerifytheAddtoCartoptiononAppplication" name="test" time="0.0">
    <skipped/>
  </testcase> <!-- test -->
  <testcase classname="Testng.ToClosetheSignOfPopup" name="test" time="0.01"/>
</testsuite> <!-- EdgeTest -->
